<?xml version="1.0" encoding="UTF-8"?>
<testsuites name="Subscription and Social Media Test cases" time="267.764" tests="1" failures="0" errors="0">
   <testsuite name="Subscription and Social Media Test cases" tests="1" failures="0" errors="0" time="267.764" timestamp="2020-02-20 17:50:24" hostname="supri - 192.168.1.204" id="Test Suites/Subscription and Social Media Test cases">
      <properties>
         <property name="deviceName" value=""/>
         <property name="devicePlatform" value=""/>
         <property name="logFolder" value="C:\\Users\\supri\\Katalon Studio\\AxelerantSkillTest\\Reports\\20200220_175013\\Subscription and Social Media Test cases\\20200220_175015"/>
         <property name="logFiles" value="C:\\Users\\supri\\Katalon Studio\\AxelerantSkillTest\\Reports\\20200220_175013\\Subscription and Social Media Test cases\\20200220_175015\\execution0.log"/>
         <property name="attachments" value=""/>
         <property name="hostName" value="supri - 192.168.1.204"/>
         <property name="os" value="Windows 10 64bit"/>
         <property name="katalonVersion" value="7.2.1.1"/>
         <property name="browser" value="Firefox 73.0"/>
         <property name="hostAddress" value="192.168.1.204"/>
         <property name="sessionId" value="a250e757-bb95-405b-aaa2-7f471298e0c3"/>
         <property name="seleniumVersion" value="3.141.59"/>
         <property name="proxyInformation" value="ProxyInformation{proxyOption=NO_PROXY, proxyServerType=HTTP, password=, proxyServerAddress=, proxyServerPort=0, executionList=}"/>
         <property name="platform" value="Windows 10"/>
      </properties>
      <testcase name="Test Cases/Newsletter Subscription" time="230.681" classname="Test Cases/Newsletter Subscription" status="PASSED">
         <system-out><![CDATA[2020-02-20 17:50:26 - [TEST_CASE][PASSED] - Test Cases/Newsletter Subscription: Test Cases/Newsletter Subscription

2020-02-20 17:50:30 - [TEST_STEP][PASSED] - com.Utilities.CommonUtilities.launchSite(): com.Utilities.CommonUtilities.launchSite is PASSED

2020-02-20 17:50:33 - [MESSAGE][INFO] - Starting 'Firefox' driver

2020-02-20 17:50:33 - [MESSAGE][INFO] - Action delay is set to 0 seconds

2020-02-20 17:51:04 - [MESSAGE][PASSED] - Browser is opened with url: ''

2020-02-20 17:53:14 - [MESSAGE][PASSED] - Navigate to 'https://www.phptravels.net/home' successfully

2020-02-20 17:53:33 - [MESSAGE][PASSED] - Refresh successfully

2020-02-20 17:53:38 - [MESSAGE][PASSED] - Delayed 5 second(s)

2020-02-20 17:53:38 - [MESSAGE][PASSED] - com.Utilities.CommonUtilities.launchSite is PASSED

2020-02-20 17:53:38 - [TEST_STEP][PASSED] - email = findTestData("TestData").getValue(4, 1): null

2020-02-20 17:54:01 - [TEST_STEP][PASSED] - setText(findTestObject("Page_PHPTRAVELS_Home/input_Newsletter_exampleInputEmail1"), email): Text 'chopade.supriya+0.6@gmail.com' is set on object 'Object Repository/Page_PHPTRAVELS_Home/input_Newsletter_exampleInputEmail1'

2020-02-20 17:54:03 - [MESSAGE][PASSED] - Text 'chopade.supriya+0.6@gmail.com' is set on object 'Object Repository/Page_PHPTRAVELS_Home/input_Newsletter_exampleInputEmail1'

2020-02-20 17:54:03 - [TEST_STEP][PASSED] - click(findTestObject("Page_PHPTRAVELS_Home/button_Subscribe")): Object: 'Object Repository/Page_PHPTRAVELS_Home/button_Subscribe' is clicked on

2020-02-20 17:54:07 - [MESSAGE][PASSED] - Object: 'Object Repository/Page_PHPTRAVELS_Home/button_Subscribe' is clicked on

2020-02-20 17:54:07 - [TEST_STEP][PASSED] - delay(2): Delayed 2 second(s)

2020-02-20 17:54:09 - [MESSAGE][PASSED] - Delayed 2 second(s)

2020-02-20 17:54:09 - [TEST_STEP][PASSED] - findTestObject("Page_PHPTRAVELS_Home/div_Subscribed Successfully"): null

2020-02-20 17:54:09 - [TEST_STEP][PASSED] - setText(findTestObject("Page_PHPTRAVELS_Home/input_Newsletter_exampleInputEmail1"), email): Text 'chopade.supriya+0.6@gmail.com' is set on object 'Object Repository/Page_PHPTRAVELS_Home/input_Newsletter_exampleInputEmail1'

2020-02-20 17:54:09 - [MESSAGE][PASSED] - Text 'chopade.supriya+0.6@gmail.com' is set on object 'Object Repository/Page_PHPTRAVELS_Home/input_Newsletter_exampleInputEmail1'

2020-02-20 17:54:09 - [TEST_STEP][PASSED] - click(findTestObject("Page_PHPTRAVELS_Home/button_Subscribe")): Object: 'Object Repository/Page_PHPTRAVELS_Home/button_Subscribe' is clicked on

2020-02-20 17:54:11 - [MESSAGE][PASSED] - Object: 'Object Repository/Page_PHPTRAVELS_Home/button_Subscribe' is clicked on

2020-02-20 17:54:11 - [TEST_STEP][PASSED] - delay(2): Delayed 2 second(s)

2020-02-20 17:54:13 - [MESSAGE][PASSED] - Delayed 2 second(s)

2020-02-20 17:54:13 - [TEST_STEP][PASSED] - findTestObject("Page_PHPTRAVELS_Home/div_Already Subscribed"): null

2020-02-20 17:54:13 - [TEST_STEP][PASSED] - setText(findTestObject("Page_PHPTRAVELS_Home/input_Newsletter_exampleInputEmail1"), ""): Text '' is set on object 'Object Repository/Page_PHPTRAVELS_Home/input_Newsletter_exampleInputEmail1'

2020-02-20 17:54:14 - [MESSAGE][PASSED] - Text '' is set on object 'Object Repository/Page_PHPTRAVELS_Home/input_Newsletter_exampleInputEmail1'

2020-02-20 17:54:14 - [TEST_STEP][PASSED] - click(findTestObject("Page_PHPTRAVELS_Home/button_Subscribe")): Object: 'Object Repository/Page_PHPTRAVELS_Home/button_Subscribe' is clicked on

2020-02-20 17:54:14 - [MESSAGE][PASSED] - Object: 'Object Repository/Page_PHPTRAVELS_Home/button_Subscribe' is clicked on

2020-02-20 17:54:14 - [TEST_STEP][PASSED] - delay(2): Delayed 2 second(s)

2020-02-20 17:54:16 - [MESSAGE][PASSED] - Delayed 2 second(s)

2020-02-20 17:54:16 - [TEST_STEP][PASSED] - findTestObject("Page_PHPTRAVELS_Home/p_The Email field is required"): null]]></system-out>
         <system-err><![CDATA[]]></system-err>
      </testcase>
      <system-out><![CDATA[2020-02-20 17:50:24 - [TEST_SUITE][PASSED] - Subscription and Social Media Test cases: Test Cases/Newsletter Subscription]]></system-out>
      <system-err><![CDATA[]]></system-err>
   </testsuite>
</testsuites>
