<?xml version="1.0" encoding="UTF-8"?>
<testsuites name="Login Test Cases" time="117.326" tests="1" failures="0" errors="0">
   <testsuite name="Login Test Cases" tests="1" failures="0" errors="0" time="117.326" timestamp="2020-02-20 17:58:39" hostname="supri - 192.168.1.204" id="Test Suites/Login Test Cases">
      <properties>
         <property name="deviceName" value=""/>
         <property name="devicePlatform" value=""/>
         <property name="logFolder" value="C:\\Users\\supri\\Katalon Studio\\AxelerantSkillTest\\Reports\\20200220_175836\\Login Test Cases\\20200220_175836"/>
         <property name="logFiles" value="C:\\Users\\supri\\Katalon Studio\\AxelerantSkillTest\\Reports\\20200220_175836\\Login Test Cases\\20200220_175836\\execution0.log"/>
         <property name="attachments" value=""/>
         <property name="hostName" value="supri - 192.168.1.204"/>
         <property name="os" value="Windows 10 64bit"/>
         <property name="katalonVersion" value="7.2.1.1"/>
         <property name="browser" value="Firefox 73.0"/>
         <property name="hostAddress" value="192.168.1.204"/>
         <property name="sessionId" value="b8410d59-8ff1-42d1-8eb1-ef90e2f17732"/>
         <property name="seleniumVersion" value="3.141.59"/>
         <property name="proxyInformation" value="ProxyInformation{proxyOption=NO_PROXY, proxyServerType=HTTP, password=, proxyServerAddress=, proxyServerPort=0, executionList=}"/>
         <property name="platform" value="Windows 10"/>
      </properties>
      <testcase name="Test Cases/Login" time="113.149" classname="Test Cases/Login" status="PASSED">
         <system-out><![CDATA[2020-02-20 17:58:39 - [TEST_CASE][PASSED] - Test Cases/Login: Test Cases/Login

2020-02-20 17:58:40 - [TEST_STEP][PASSED] - com.Utilities.CommonUtilities.launchSite(): com.Utilities.CommonUtilities.launchSite is PASSED

2020-02-20 17:58:41 - [MESSAGE][INFO] - Starting 'Firefox' driver

2020-02-20 17:58:41 - [MESSAGE][INFO] - Action delay is set to 0 seconds

2020-02-20 17:58:50 - [MESSAGE][PASSED] - Browser is opened with url: ''

2020-02-20 17:58:57 - [MESSAGE][PASSED] - Navigate to 'https://www.phptravels.net/home' successfully

2020-02-20 17:59:02 - [MESSAGE][PASSED] - Refresh successfully

2020-02-20 17:59:08 - [MESSAGE][PASSED] - Delayed 5 second(s)

2020-02-20 17:59:08 - [MESSAGE][PASSED] - com.Utilities.CommonUtilities.launchSite is PASSED

2020-02-20 17:59:08 - [TEST_STEP][PASSED] - for ([i = 1, i <= 2, (i++)]): Delayed 3 second(s)

2020-02-20 17:59:08 - [TEST_STEP][PASSED] - fName = findTestData("TestData").getValue(1, i): null

2020-02-20 17:59:09 - [TEST_STEP][PASSED] - lName = findTestData("TestData").getValue(2, i): null

2020-02-20 17:59:09 - [TEST_STEP][PASSED] - phoneNo = findTestData("TestData").getValue(3, i): null

2020-02-20 17:59:09 - [TEST_STEP][PASSED] - email = findTestData("TestData").getValue(4, i): null

2020-02-20 17:59:09 - [TEST_STEP][PASSED] - password = findTestData("TestData").getValue(5, i): null

2020-02-20 17:59:09 - [TEST_STEP][PASSED] - com.Utilities.CommonUtilities.SignUp(fName, lName, phoneNo, email, password): com.Utilities.CommonUtilities.SignUp is PASSED

2020-02-20 17:59:11 - [MESSAGE][PASSED] - Navigate to 'https://www.phptravels.net/login' successfully

2020-02-20 17:59:14 - [MESSAGE][PASSED] - Object: 'Object Repository/Page_Login/a_Sign Up' is clicked on

2020-02-20 17:59:15 - [MESSAGE][PASSED] - Object: 'Object Repository/Page_Register/span_First Name' is clicked on

2020-02-20 17:59:15 - [MESSAGE][PASSED] - Text 'Data' is set on object 'Object Repository/Page_Register/input_Sign Up_firstname'

2020-02-20 17:59:16 - [MESSAGE][PASSED] - Object: 'Object Repository/Page_Register/span_Last Name' is clicked on

2020-02-20 17:59:17 - [MESSAGE][PASSED] - Object: 'Object Repository/Page_Register/input_First Name_lastname' is clicked on

2020-02-20 17:59:17 - [MESSAGE][PASSED] - Text 'One' is set on object 'Object Repository/Page_Register/input_First Name_lastname'

2020-02-20 17:59:18 - [MESSAGE][PASSED] - Object: 'Object Repository/Page_Register/span_Mobile Number' is clicked on

2020-02-20 17:59:18 - [MESSAGE][PASSED] - Text '9921973333' is set on object 'Object Repository/Page_Register/input_Last Name_phone'

2020-02-20 17:59:19 - [MESSAGE][PASSED] - Object: 'Object Repository/Page_Register/span_Email' is clicked on

2020-02-20 17:59:19 - [MESSAGE][PASSED] - Text 'chopade.supriya+0.6@gmail.com' is set on object 'Object Repository/Page_Register/input_Mobile Number_email'

2020-02-20 17:59:20 - [MESSAGE][PASSED] - Object: 'Object Repository/Page_Register/span_Password' is clicked on

2020-02-20 17:59:20 - [MESSAGE][PASSED] - Text 'Tester#123' is set on object 'Object Repository/Page_Register/input_Email_password'

2020-02-20 17:59:21 - [MESSAGE][PASSED] - Object: 'Object Repository/Page_Register/span_Confirm Password' is clicked on

2020-02-20 17:59:22 - [MESSAGE][PASSED] - Object: 'Object Repository/Page_Register/span_Email' is clicked on

2020-02-20 17:59:22 - [MESSAGE][PASSED] - Text 'Tester#123' is set on object 'Object Repository/Page_Register/input_Password_confirmpassword'

2020-02-20 17:59:23 - [MESSAGE][PASSED] - Object: 'Object Repository/Page_Register/span_Email' is clicked on

2020-02-20 17:59:24 - [MESSAGE][PASSED] - Object: 'Object Repository/Page_Register/button_Sign Up' is clicked on

2020-02-20 17:59:27 - [MESSAGE][PASSED] - Delayed 3 second(s)

2020-02-20 17:59:27 - [MESSAGE][PASSED] - Object: 'Object Repository/Page_My Account/a_AccountMenu' is clicked on

2020-02-20 17:59:30 - [MESSAGE][PASSED] - Delayed 3 second(s)

2020-02-20 17:59:33 - [MESSAGE][PASSED] - Object: 'Object Repository/Page_My Account/a_Logout' is clicked on

2020-02-20 17:59:33 - [MESSAGE][PASSED] - com.Utilities.CommonUtilities.SignUp is PASSED

2020-02-20 17:59:33 - [TEST_STEP][PASSED] - com.Utilities.CommonUtilities.login(email, password): com.Utilities.CommonUtilities.login is PASSED

2020-02-20 17:59:34 - [MESSAGE][PASSED] - Object: 'Object Repository/Page_PHPTRAVELS_Home/a_My Account' is clicked on

2020-02-20 17:59:37 - [MESSAGE][PASSED] - Object: 'Object Repository/Page_PHPTRAVELS_Home/a_Login' is clicked on

2020-02-20 17:59:38 - [MESSAGE][PASSED] - Object: 'Object Repository/Page_Login/span_Email' is clicked on

2020-02-20 17:59:38 - [MESSAGE][PASSED] - Text 'chopade.supriya+0.6@gmail.com' is set on object 'Object Repository/Page_Login/input_Login_username'

2020-02-20 17:59:39 - [MESSAGE][PASSED] - Object: 'Object Repository/Page_Login/span_Password' is clicked on

2020-02-20 17:59:39 - [MESSAGE][PASSED] - Text 'Tester#123' is set on object 'Object Repository/Page_Login/input_Email_password'

2020-02-20 17:59:40 - [MESSAGE][PASSED] - Object: 'Object Repository/Page_Login/button_Login' is clicked on

2020-02-20 17:59:43 - [MESSAGE][PASSED] - Delayed 3 second(s)

2020-02-20 17:59:43 - [MESSAGE][PASSED] - Current window's url is: 'https://www.phptravels.net/account/'

2020-02-20 17:59:43 - [MESSAGE][PASSED] - com.Utilities.CommonUtilities.login is PASSED

2020-02-20 17:59:43 - [TEST_STEP][PASSED] - com.Utilities.CommonUtilities.logout(): com.Utilities.CommonUtilities.logout is PASSED

2020-02-20 17:59:44 - [MESSAGE][PASSED] - Object: 'Object Repository/Page_My Account/a_AccountMenu' is clicked on

2020-02-20 17:59:47 - [MESSAGE][PASSED] - Delayed 3 second(s)

2020-02-20 17:59:48 - [MESSAGE][PASSED] - Object: 'Object Repository/Page_My Account/a_Logout' is clicked on

2020-02-20 17:59:48 - [MESSAGE][PASSED] - com.Utilities.CommonUtilities.logout is PASSED

2020-02-20 17:59:48 - [TEST_STEP][PASSED] - delay(3): Delayed 3 second(s)

2020-02-20 17:59:51 - [MESSAGE][PASSED] - Delayed 3 second(s)

2020-02-20 17:59:51 - [TEST_STEP][PASSED] - fName = findTestData("TestData").getValue(1, i): null

2020-02-20 17:59:51 - [TEST_STEP][PASSED] - lName = findTestData("TestData").getValue(2, i): null

2020-02-20 17:59:51 - [TEST_STEP][PASSED] - phoneNo = findTestData("TestData").getValue(3, i): null

2020-02-20 17:59:51 - [TEST_STEP][PASSED] - email = findTestData("TestData").getValue(4, i): null

2020-02-20 17:59:51 - [TEST_STEP][PASSED] - password = findTestData("TestData").getValue(5, i): null

2020-02-20 17:59:52 - [TEST_STEP][PASSED] - com.Utilities.CommonUtilities.SignUp(fName, lName, phoneNo, email, password): com.Utilities.CommonUtilities.SignUp is PASSED

2020-02-20 17:59:54 - [MESSAGE][PASSED] - Navigate to 'https://www.phptravels.net/login' successfully

2020-02-20 17:59:56 - [MESSAGE][PASSED] - Object: 'Object Repository/Page_Login/a_Sign Up' is clicked on

2020-02-20 17:59:57 - [MESSAGE][PASSED] - Object: 'Object Repository/Page_Register/span_First Name' is clicked on

2020-02-20 17:59:57 - [MESSAGE][PASSED] - Text 'Data' is set on object 'Object Repository/Page_Register/input_Sign Up_firstname'

2020-02-20 17:59:58 - [MESSAGE][PASSED] - Object: 'Object Repository/Page_Register/span_Last Name' is clicked on

2020-02-20 17:59:59 - [MESSAGE][PASSED] - Object: 'Object Repository/Page_Register/input_First Name_lastname' is clicked on

2020-02-20 17:59:59 - [MESSAGE][PASSED] - Text 'Two' is set on object 'Object Repository/Page_Register/input_First Name_lastname'

2020-02-20 18:00:00 - [MESSAGE][PASSED] - Object: 'Object Repository/Page_Register/span_Mobile Number' is clicked on

2020-02-20 18:00:00 - [MESSAGE][PASSED] - Text '9921973333' is set on object 'Object Repository/Page_Register/input_Last Name_phone'

2020-02-20 18:00:01 - [MESSAGE][PASSED] - Object: 'Object Repository/Page_Register/span_Email' is clicked on

2020-02-20 18:00:01 - [MESSAGE][PASSED] - Text 'chopade.supriya+0.7@gmail.com' is set on object 'Object Repository/Page_Register/input_Mobile Number_email'

2020-02-20 18:00:02 - [MESSAGE][PASSED] - Object: 'Object Repository/Page_Register/span_Password' is clicked on

2020-02-20 18:00:02 - [MESSAGE][PASSED] - Text 'Tester#124' is set on object 'Object Repository/Page_Register/input_Email_password'

2020-02-20 18:00:03 - [MESSAGE][PASSED] - Object: 'Object Repository/Page_Register/span_Confirm Password' is clicked on

2020-02-20 18:00:04 - [MESSAGE][PASSED] - Object: 'Object Repository/Page_Register/span_Email' is clicked on

2020-02-20 18:00:04 - [MESSAGE][PASSED] - Text 'Tester#124' is set on object 'Object Repository/Page_Register/input_Password_confirmpassword'

2020-02-20 18:00:05 - [MESSAGE][PASSED] - Object: 'Object Repository/Page_Register/span_Email' is clicked on

2020-02-20 18:00:05 - [MESSAGE][PASSED] - Object: 'Object Repository/Page_Register/button_Sign Up' is clicked on

2020-02-20 18:00:08 - [MESSAGE][PASSED] - Delayed 3 second(s)

2020-02-20 18:00:09 - [MESSAGE][PASSED] - Object: 'Object Repository/Page_My Account/a_AccountMenu' is clicked on

2020-02-20 18:00:12 - [MESSAGE][PASSED] - Delayed 3 second(s)

2020-02-20 18:00:13 - [MESSAGE][PASSED] - Object: 'Object Repository/Page_My Account/a_Logout' is clicked on

2020-02-20 18:00:13 - [MESSAGE][PASSED] - com.Utilities.CommonUtilities.SignUp is PASSED

2020-02-20 18:00:13 - [TEST_STEP][PASSED] - com.Utilities.CommonUtilities.login(email, password): com.Utilities.CommonUtilities.login is PASSED

2020-02-20 18:00:16 - [MESSAGE][PASSED] - Object: 'Object Repository/Page_PHPTRAVELS_Home/a_My Account' is clicked on

2020-02-20 18:00:18 - [MESSAGE][PASSED] - Object: 'Object Repository/Page_PHPTRAVELS_Home/a_Login' is clicked on

2020-02-20 18:00:19 - [MESSAGE][PASSED] - Object: 'Object Repository/Page_Login/span_Email' is clicked on

2020-02-20 18:00:20 - [MESSAGE][PASSED] - Text 'chopade.supriya+0.7@gmail.com' is set on object 'Object Repository/Page_Login/input_Login_username'

2020-02-20 18:00:20 - [MESSAGE][PASSED] - Object: 'Object Repository/Page_Login/span_Password' is clicked on

2020-02-20 18:00:21 - [MESSAGE][PASSED] - Text 'Tester#124' is set on object 'Object Repository/Page_Login/input_Email_password'

2020-02-20 18:00:22 - [MESSAGE][PASSED] - Object: 'Object Repository/Page_Login/button_Login' is clicked on

2020-02-20 18:00:25 - [MESSAGE][PASSED] - Delayed 3 second(s)

2020-02-20 18:00:25 - [MESSAGE][PASSED] - Current window's url is: 'https://www.phptravels.net/account/'

2020-02-20 18:00:25 - [MESSAGE][PASSED] - com.Utilities.CommonUtilities.login is PASSED

2020-02-20 18:00:25 - [TEST_STEP][PASSED] - com.Utilities.CommonUtilities.logout(): com.Utilities.CommonUtilities.logout is PASSED

2020-02-20 18:00:25 - [MESSAGE][PASSED] - Object: 'Object Repository/Page_My Account/a_AccountMenu' is clicked on

2020-02-20 18:00:28 - [MESSAGE][PASSED] - Delayed 3 second(s)

2020-02-20 18:00:30 - [MESSAGE][PASSED] - Object: 'Object Repository/Page_My Account/a_Logout' is clicked on

2020-02-20 18:00:30 - [MESSAGE][PASSED] - com.Utilities.CommonUtilities.logout is PASSED

2020-02-20 18:00:30 - [TEST_STEP][PASSED] - delay(3): Delayed 3 second(s)

2020-02-20 18:00:33 - [MESSAGE][PASSED] - Delayed 3 second(s)]]></system-out>
         <system-err><![CDATA[]]></system-err>
      </testcase>
      <system-out><![CDATA[2020-02-20 17:58:39 - [TEST_SUITE][PASSED] - Login Test Cases: Test Cases/Login]]></system-out>
      <system-err><![CDATA[]]></system-err>
   </testsuite>
</testsuites>
